<?xml version="1.0" encoding="UTF-8"?>
<testsuite xmlns:xsi="http://www.w3.org/2001/XMLSchema-instance" xsi:noNamespaceSchemaLocation="https://maven.apache.org/surefire/maven-surefire-plugin/xsd/surefire-test-report-3.0.xsd" version="3.0" name="com.example.services.CartServiceImplTest$ReadOperations" time="0.471" tests="2" errors="0" skipped="0" failures="0">
  <properties>
[...]
</properties>
  <testcase name="should_get_existing_cart_by_id" classname="com.example.services.CartServiceImplTest$ReadOperations" time="0.241"/>
  <testcase name="should_return_empty_optional_for_non_existing_cart" classname="com.example.services.CartServiceImplTest$ReadOperations" time="0.223"/>
</testsuite>