<?xml version="1.0" encoding="UTF-8"?>
<testsuite xmlns:xsi="http://www.w3.org/2001/XMLSchema-instance" xsi:noNamespaceSchemaLocation="https://maven.apache.org/surefire/maven-surefire-plugin/xsd/surefire-test-report-3.0.xsd" version="3.0" name="com.example.services.CartPromoServiceTest$ApplyPromoCodeFailure" time="0.865" tests="4" errors="0" skipped="0" failures="0">
  <properties>
[...]
</properties>
  <testcase name="should_not_apply_inactive_promo_code" classname="com.example.services.CartPromoServiceTest$ApplyPromoCodeFailure" time="0.215"/>
  <testcase name="should_not_apply_promo_to_non_existing_cart" classname="com.example.services.CartPromoServiceTest$ApplyPromoCodeFailure" time="0.216"/>
  <testcase name="should_not_apply_non_existing_promo_code" classname="com.example.services.CartPromoServiceTest$ApplyPromoCodeFailure" time="0.217"/>
  <testcase name="should_not_apply_expired_promo_code" classname="com.example.services.CartPromoServiceTest$ApplyPromoCodeFailure" time="0.216"/>
</testsuite>