<?xml version="1.0" encoding="UTF-8"?>
<testsuite xmlns:xsi="http://www.w3.org/2001/XMLSchema-instance" xsi:noNamespaceSchemaLocation="https://maven.apache.org/surefire/maven-surefire-plugin/xsd/surefire-test-report-3.0.xsd" version="3.0" name="com.example.services.CartPromoServiceTest$ComplexScenarios" time="0.448" tests="2" errors="0" skipped="0" failures="0">
  <properties>
[...]
</properties>
  <testcase name="should_replace_promo_code_when_applying_new_one" classname="com.example.services.CartPromoServiceTest$ComplexScenarios" time="0.219">
    <system-out><![CDATA[18:39:05.927 [main] INFO org.springframework.jdbc.datasource.embedded.EmbeddedDatabaseFactory -- Starting embedded database: url='jdbc:h2:mem:testdb;DB_CLOSE_DELAY=-1;DB_CLOSE_ON_EXIT=false', username='sa'
18:39:05.944 [main] INFO org.springframework.jdbc.datasource.embedded.EmbeddedDatabaseFactory -- Shutting down embedded database: url='jdbc:h2:mem:testdb;DB_CLOSE_DELAY=-1;DB_CLOSE_ON_EXIT=false'
]]></system-out>
  </testcase>
  <testcase name="should_apply_and_remove_promo_code_multiple_times" classname="com.example.services.CartPromoServiceTest$ComplexScenarios" time="0.226">
    <system-out><![CDATA[18:39:06.147 [main] INFO org.springframework.jdbc.datasource.embedded.EmbeddedDatabaseFactory -- Starting embedded database: url='jdbc:h2:mem:testdb;DB_CLOSE_DELAY=-1;DB_CLOSE_ON_EXIT=false', username='sa'
18:39:06.167 [main] INFO org.springframework.jdbc.datasource.embedded.EmbeddedDatabaseFactory -- Shutting down embedded database: url='jdbc:h2:mem:testdb;DB_CLOSE_DELAY=-1;DB_CLOSE_ON_EXIT=false'
]]></system-out>
  </testcase>
</testsuite>